Using pre-set license
Built from '2021.1/staging' branch; Version is '2021.1.20f1 (be552157821d) revision 12473633'; Using compiler version '192528614'; Build Type 'Release'
OS: 'Windows 10 Education; OS build 19041.1288; Version 2004; 64bit' Language: 'en' Physical Memory: 16196 MB
BatchMode: 1, IsHumanControllingUs: 0, StartBugReporterOnCrash: 0, Is64bit: 1, IsPro: 0

COMMAND LINE ARGUMENTS:
D:\Unity\Versions\2021.1.20f1\Editor\Unity.exe
-adb2
-batchMode
-noUpm
-name
AssetImportWorker0
-projectPath
D:/Unity/Metroidvania
-logFile
Logs/AssetImportWorker0.log
-srvPort
60678
Successfully changed project path to: D:/Unity/Metroidvania
D:/Unity/Metroidvania
Using Asset Import Pipeline V2.
Refreshing native plugins compatible for Editor in 44.34 ms, found 3 plugins.
Preloading 0 native plugins for Editor in 0.00 ms.
Initialize engine version: 2021.1.20f1 (be552157821d)
[Subsystems] Discovering subsystems at path D:/Unity/Versions/2021.1.20f1/Editor/Data/Resources/UnitySubsystems
[Subsystems] Discovering subsystems at path D:/Unity/Metroidvania/Assets
GfxDevice: creating device client; threaded=0; jobified=0
Direct3D:
    Version:  Direct3D 11.0 [level 11.1]
    Renderer: NVIDIA GeForce RTX 2060 (ID=0x1f11)
    Vendor:   NVIDIA
    VRAM:     5980 MB
    Driver:   27.21.14.6231
Initialize mono
Mono path[0] = 'D:/Unity/Versions/2021.1.20f1/Editor/Data/Managed'
Mono path[1] = 'D:/Unity/Versions/2021.1.20f1/Editor/Data/MonoBleedingEdge/lib/mono/unityjit'
Mono config path = 'D:/Unity/Versions/2021.1.20f1/Editor/Data/MonoBleedingEdge/etc'
Using monoOptions --debugger-agent=transport=dt_socket,embedding=1,server=y,suspend=n,address=127.0.0.1:56760
Begin MonoManager ReloadAssembly
Registering precompiled unity dll's ...
Register platform support module: D:/Unity/Versions/2021.1.20f1/Editor/Data/PlaybackEngines/WindowsStandaloneSupport/UnityEditor.WindowsStandalone.Extensions.dll
Registered in 0.001083 seconds.
Native extension for WindowsStandalone target not found
Refreshing native plugins compatible for Editor in 42.36 ms, found 3 plugins.
Preloading 0 native plugins for Editor in 0.00 ms.
Mono: successfully reloaded assembly
- Completed reload, in  0.979 seconds
Domain Reload Profiling:
	ReloadAssembly (979ms)
		BeginReloadAssembly (58ms)
			ExecutionOrderSort (0ms)
			DisableScriptedObjects (0ms)
			BackupInstance (0ms)
			ReleaseScriptingObjects (0ms)
			CreateAndSetChildDomain (1ms)
		EndReloadAssembly (422ms)
			LoadAssemblies (57ms)
			RebuildTransferFunctionScriptingTraits (0ms)
			SetupTypeCache (167ms)
			ReleaseScriptCaches (0ms)
			RebuildScriptCaches (31ms)
			SetupLoadedEditorAssemblies (182ms)
				LogAssemblyErrors (0ms)
				InitializePlatformSupportModulesInManaged (6ms)
				SetLoadedEditorAssemblies (0ms)
				RefreshPlugins (42ms)
				BeforeProcessingInitializeOnLoad (1ms)
				ProcessInitializeOnLoadAttributes (101ms)
				ProcessInitializeOnLoadMethodAttributes (31ms)
				AfterProcessingInitializeOnLoad (0ms)
				EditorAssembliesLoaded (0ms)
			ExecutionOrderSort2 (0ms)
			AwakeInstancesAfterBackupRestoration (0ms)
Platform modules already initialized, skipping
Registering precompiled user dll's ...
Registered in 0.002429 seconds.
Begin MonoManager ReloadAssembly
Native extension for WindowsStandalone target not found
Refreshing native plugins compatible for Editor in 42.72 ms, found 3 plugins.
Preloading 0 native plugins for Editor in 0.00 ms.
Mono: successfully reloaded assembly
- Completed reload, in  1.819 seconds
Domain Reload Profiling:
	ReloadAssembly (1819ms)
		BeginReloadAssembly (153ms)
			ExecutionOrderSort (0ms)
			DisableScriptedObjects (5ms)
			BackupInstance (0ms)
			ReleaseScriptingObjects (0ms)
			CreateAndSetChildDomain (20ms)
		EndReloadAssembly (1613ms)
			LoadAssemblies (817ms)
			RebuildTransferFunctionScriptingTraits (0ms)
			SetupTypeCache (314ms)
			ReleaseScriptCaches (0ms)
			RebuildScriptCaches (48ms)
			SetupLoadedEditorAssemblies (340ms)
				LogAssemblyErrors (0ms)
				InitializePlatformSupportModulesInManaged (4ms)
				SetLoadedEditorAssemblies (0ms)
				RefreshPlugins (43ms)
				BeforeProcessingInitializeOnLoad (53ms)
				ProcessInitializeOnLoadAttributes (221ms)
				ProcessInitializeOnLoadMethodAttributes (16ms)
				AfterProcessingInitializeOnLoad (2ms)
				EditorAssembliesLoaded (0ms)
			ExecutionOrderSort2 (0ms)
			AwakeInstancesAfterBackupRestoration (7ms)
Platform modules already initialized, skipping
========================================================================
Worker process is ready to serve import requests
Launched and connected shader compiler UnityShaderCompiler.exe after 0.20 seconds
Refreshing native plugins compatible for Editor in 0.49 ms, found 3 plugins.
Preloading 0 native plugins for Editor in 0.00 ms.
Unloading 2128 Unused Serialized files (Serialized files now loaded: 0)
System memory in use before: 98.0 MB.
System memory in use after: 98.1 MB.

Unloading 25 unused Assets to reduce memory usage. Loaded Objects now: 2584.
Total: 3.009400 ms (FindLiveObjects: 0.180200 ms CreateObjectMapping: 0.097700 ms MarkObjects: 2.633500 ms  DeleteObjects: 0.096700 ms)

AssetImportParameters requested are different than current active one (requested -> active):
  custom:framework-win-MediaFoundation: 216162199b28c13a410421893ffa2e32 -> 
  custom:video-decoder-ogg-theora: a1e56fd34408186e4bbccfd4996cb3dc -> 
  custom:container-muxer-webm: aa71ff27fc2769a1b78a27578f13a17b -> 
  custom:container-demuxer-webm: 4f35f7cbe854078d1ac9338744f61a02 -> 
  custom:container-demuxer-ogg: 62fdf1f143b41e24485cea50d1cbac27 -> 
  custom:video-encoder-webm-vp8: eb34c28f22e8b96e1ab97ce403110664 -> 
  custom:video-codec-MediaFoundation-h265: 746d11721c4dcdbdad8f713fa42b33f4 -> 
  custom:video-decoder-webm-vp8: 9c59270c3fd7afecdb556c50c9e8de78 -> 
  custom:audio-decoder-ogg-vorbis: bf7c407c2cedff20999df2af8eb42d56 -> 
  custom:audio-encoder-webm-vorbis: bf7c407c2cedff20999df2af8eb42d56 -> 
========================================================================
Received Import Request.
  path: Assets/_Udemy Metroidvania Assets/Audio
  artifactKey: Guid(7865e0be22b07d644af0a9821e6774fb) Importer(815301076,1909f56bfc062723c751e8b465ee728b)
Start importing Assets/_Udemy Metroidvania Assets/Audio using Guid(7865e0be22b07d644af0a9821e6774fb) Importer(815301076,1909f56bfc062723c751e8b465ee728b)  -> (artifact id: 'ec0bc15abf9ef071b3f04d028c3f4e94') in 0.009618 seconds 
========================================================================
Received Import Request.
  Time since last request: 18.980190 seconds.
  path: Assets/_Udemy Metroidvania Assets/Art/Ansimuz/Warped/environment/props
  artifactKey: Guid(49ca0131db5d7e14db0bbf9cea4e8858) Importer(815301076,1909f56bfc062723c751e8b465ee728b)
Start importing Assets/_Udemy Metroidvania Assets/Art/Ansimuz/Warped/environment/props using Guid(49ca0131db5d7e14db0bbf9cea4e8858) Importer(815301076,1909f56bfc062723c751e8b465ee728b)  -> (artifact id: 'd5d6557d6436e8b45e1f6d80671096c9') in 0.012760 seconds 
========================================================================
Received Import Request.
  Time since last request: 30.315195 seconds.
  path: Assets/Animations/Ability Pickup 1.controller
  artifactKey: Guid(98c375eb5f5107841b5954eaaebe82bd) Importer(815301076,1909f56bfc062723c751e8b465ee728b)
Start importing Assets/Animations/Ability Pickup 1.controller using Guid(98c375eb5f5107841b5954eaaebe82bd) Importer(815301076,1909f56bfc062723c751e8b465ee728b)  -> (artifact id: 'a7c1171a4792a83c0a847ba24196325d') in 0.043623 seconds 
========================================================================
Received Import Request.
  Time since last request: 12.352781 seconds.
  path: Assets/Prefabs/Player
  artifactKey: Guid(9049b31b377c5b041b7c04c4d55a0dfb) Importer(815301076,1909f56bfc062723c751e8b465ee728b)
Start importing Assets/Prefabs/Player using Guid(9049b31b377c5b041b7c04c4d55a0dfb) Importer(815301076,1909f56bfc062723c751e8b465ee728b)  -> (artifact id: 'c7949006dffbe065e8cce8169d1a9509') in 0.008671 seconds 
========================================================================
Received Import Request.
  Time since last request: 93.548241 seconds.
  path: Assets/Scripts/PlayerHealthController.cs
  artifactKey: Guid(1b5bcd73b1f924c4d9abee34a6b13fbe) Importer(815301076,1909f56bfc062723c751e8b465ee728b)
Start importing Assets/Scripts/PlayerHealthController.cs using Guid(1b5bcd73b1f924c4d9abee34a6b13fbe) Importer(815301076,1909f56bfc062723c751e8b465ee728b)  -> (artifact id: '3b1afe97c59b49fd12cdb7682397e9f7') in 0.015121 seconds 
========================================================================
Received Import Request.
  Time since last request: 92.181020 seconds.
  path: Assets/Scripts/AbilityUnlock.cs
  artifactKey: Guid(7238a7669f7faeb44b3bbf8039395626) Importer(815301076,1909f56bfc062723c751e8b465ee728b)
Start importing Assets/Scripts/AbilityUnlock.cs using Guid(7238a7669f7faeb44b3bbf8039395626) Importer(815301076,1909f56bfc062723c751e8b465ee728b)  -> (artifact id: '5625a75f6e08150afb5d047295603e59') in 0.008532 seconds 
========================================================================
Received Import Request.
  Time since last request: 257.569665 seconds.
  path: Assets/Tiles/Main
  artifactKey: Guid(6599756f6d5d2b54abf34ac572804eb4) Importer(815301076,1909f56bfc062723c751e8b465ee728b)
Start importing Assets/Tiles/Main using Guid(6599756f6d5d2b54abf34ac572804eb4) Importer(815301076,1909f56bfc062723c751e8b465ee728b)  -> (artifact id: 'ef93a85c1a2b49e24122402447a9ce21') in 0.009931 seconds 
========================================================================
Received Import Request.
  Time since last request: 0.204517 seconds.
  path: Assets/Tiles/Main/tilesets_0.asset
  artifactKey: Guid(a1f66b51baedd6143ac8087148bc3497) Importer(815301076,1909f56bfc062723c751e8b465ee728b)
Start importing Assets/Tiles/Main/tilesets_0.asset using Guid(a1f66b51baedd6143ac8087148bc3497) Importer(815301076,1909f56bfc062723c751e8b465ee728b)  -> (artifact id: 'cad896a460c47360a09689d804ea9ec4') in 0.065540 seconds 
========================================================================
Received Import Request.
  Time since last request: 0.000197 seconds.
  path: Assets/Tiles/Main/tilesets_9.asset
  artifactKey: Guid(c552ac7ef0165e64f846d4a50982c33f) Importer(815301076,1909f56bfc062723c751e8b465ee728b)
Start importing Assets/Tiles/Main/tilesets_9.asset using Guid(c552ac7ef0165e64f846d4a50982c33f) Importer(815301076,1909f56bfc062723c751e8b465ee728b)  -> (artifact id: 'c69e9d42ae0a86a21dcb1fe6965b0d23') in 0.020833 seconds 
========================================================================
Received Import Request.
  Time since last request: 0.000212 seconds.
  path: Assets/Tiles/Main/tilesets_18.asset
  artifactKey: Guid(79a3d60bb27ab1a4ab25effcf4b4d8e0) Importer(815301076,1909f56bfc062723c751e8b465ee728b)
Start importing Assets/Tiles/Main/tilesets_18.asset using Guid(79a3d60bb27ab1a4ab25effcf4b4d8e0) Importer(815301076,1909f56bfc062723c751e8b465ee728b)  -> (artifact id: 'e08d51428f9ab2a6f583c5759b1f4f6f') in 0.022502 seconds 
========================================================================
Received Import Request.
  Time since last request: 0.000209 seconds.
  path: Assets/Tiles/Main/tilesets_1.asset
  artifactKey: Guid(124e0e8820fc8ae47974d8c389bc5835) Importer(815301076,1909f56bfc062723c751e8b465ee728b)
Start importing Assets/Tiles/Main/tilesets_1.asset using Guid(124e0e8820fc8ae47974d8c389bc5835) Importer(815301076,1909f56bfc062723c751e8b465ee728b)  -> (artifact id: '53a3aa8cc49db589f5fd60ff104dc58b') in 0.018172 seconds 
========================================================================
Received Import Request.
  Time since last request: 0.000189 seconds.
  path: Assets/Tiles/Main/tilesets_4.asset
  artifactKey: Guid(41f4336ddffce19488799c3b517b7d59) Importer(815301076,1909f56bfc062723c751e8b465ee728b)
Start importing Assets/Tiles/Main/tilesets_4.asset using Guid(41f4336ddffce19488799c3b517b7d59) Importer(815301076,1909f56bfc062723c751e8b465ee728b)  -> (artifact id: 'e0081c9c0973855375ed48f1e569b9f2') in 0.016132 seconds 
========================================================================
Received Import Request.
  Time since last request: 0.000225 seconds.
  path: Assets/Tiles/Main/tilesets_15.asset
  artifactKey: Guid(221f0cb6ed4da4b4d8bdab1f39fc167c) Importer(815301076,1909f56bfc062723c751e8b465ee728b)
Start importing Assets/Tiles/Main/tilesets_15.asset using Guid(221f0cb6ed4da4b4d8bdab1f39fc167c) Importer(815301076,1909f56bfc062723c751e8b465ee728b)  -> (artifact id: 'dedea3347a7ee81143fad9acf7458164') in 0.025418 seconds 
========================================================================
Received Import Request.
  Time since last request: 0.000178 seconds.
  path: Assets/Tiles/Main/tilesets_17.asset
  artifactKey: Guid(a31f35c3440be5c408f4684759675be5) Importer(815301076,1909f56bfc062723c751e8b465ee728b)
Start importing Assets/Tiles/Main/tilesets_17.asset using Guid(a31f35c3440be5c408f4684759675be5) Importer(815301076,1909f56bfc062723c751e8b465ee728b)  -> (artifact id: '465bd9ecdba07afc9d1a90e4c08637ec') in 0.024453 seconds 
========================================================================
Received Import Request.
  Time since last request: 0.000167 seconds.
  path: Assets/Tiles/Main/tilesets_8.asset
  artifactKey: Guid(92662d70231655f4ea42469dbe4bee08) Importer(815301076,1909f56bfc062723c751e8b465ee728b)
Start importing Assets/Tiles/Main/tilesets_8.asset using Guid(92662d70231655f4ea42469dbe4bee08) Importer(815301076,1909f56bfc062723c751e8b465ee728b)  -> (artifact id: '30638d02ec72a0f2e7c5000000916115') in 0.023220 seconds 
========================================================================
Received Import Request.
  Time since last request: 0.000197 seconds.
  path: Assets/Tiles/Main/tilesets_14.asset
  artifactKey: Guid(5103875878382f649bb107601ec03d13) Importer(815301076,1909f56bfc062723c751e8b465ee728b)
Start importing Assets/Tiles/Main/tilesets_14.asset using Guid(5103875878382f649bb107601ec03d13) Importer(815301076,1909f56bfc062723c751e8b465ee728b)  -> (artifact id: '8f0585bffcdd9ac44a41a6494a8e9803') in 0.021006 seconds 
========================================================================
Received Import Request.
  Time since last request: 0.000195 seconds.
  path: Assets/Tiles/Main/tilesets_16.asset
  artifactKey: Guid(f0199cf520fc5c445b683dbe1bc270d8) Importer(815301076,1909f56bfc062723c751e8b465ee728b)
Start importing Assets/Tiles/Main/tilesets_16.asset using Guid(f0199cf520fc5c445b683dbe1bc270d8) Importer(815301076,1909f56bfc062723c751e8b465ee728b)  -> (artifact id: 'd55259d192808d3647b9852140b498bf') in 0.010007 seconds 
========================================================================
Received Import Request.
  Time since last request: 0.000249 seconds.
  path: Assets/Tiles/Main/tilesets_13.asset
  artifactKey: Guid(571229943188e9b4ca85ca97d6238945) Importer(815301076,1909f56bfc062723c751e8b465ee728b)
Start importing Assets/Tiles/Main/tilesets_13.asset using Guid(571229943188e9b4ca85ca97d6238945) Importer(815301076,1909f56bfc062723c751e8b465ee728b)  -> (artifact id: '9b00f2d418615ee5f9b3e11c25b808b5') in 0.008358 seconds 
========================================================================
Received Import Request.
  Time since last request: 0.000180 seconds.
  path: Assets/Tiles/Main/tilesets_22.asset
  artifactKey: Guid(45866a83d14569c458658383d0ecda2b) Importer(815301076,1909f56bfc062723c751e8b465ee728b)
Start importing Assets/Tiles/Main/tilesets_22.asset using Guid(45866a83d14569c458658383d0ecda2b) Importer(815301076,1909f56bfc062723c751e8b465ee728b)  -> (artifact id: '0a30fcf33f76f70a4d3aafb8d1b745e1') in 0.009728 seconds 
========================================================================
Received Import Request.
  Time since last request: 0.000204 seconds.
  path: Assets/Tiles/Main/tilesets_3.asset
  artifactKey: Guid(f55edc2f49f0d7243ae1bf6b441e4560) Importer(815301076,1909f56bfc062723c751e8b465ee728b)
Start importing Assets/Tiles/Main/tilesets_3.asset using Guid(f55edc2f49f0d7243ae1bf6b441e4560) Importer(815301076,1909f56bfc062723c751e8b465ee728b)  -> (artifact id: '833d76c31c46c8a45a5f1d1b28808ff2') in 0.008495 seconds 
========================================================================
Received Import Request.
  Time since last request: 0.000278 seconds.
  path: Assets/Tiles/Main/tilesets_21.asset
  artifactKey: Guid(cbd9f1e060030884a99724db9085a2fb) Importer(815301076,1909f56bfc062723c751e8b465ee728b)
Start importing Assets/Tiles/Main/tilesets_21.asset using Guid(cbd9f1e060030884a99724db9085a2fb) Importer(815301076,1909f56bfc062723c751e8b465ee728b)  -> (artifact id: 'e08d147d9644d1715a94b133641d2d15') in 0.009221 seconds 
========================================================================
Received Import Request.
  Time since last request: 0.000218 seconds.
  path: Assets/Tiles/Main/tilesets_23.asset
  artifactKey: Guid(4b440844e38eacb418a43745e0a72073) Importer(815301076,1909f56bfc062723c751e8b465ee728b)
Start importing Assets/Tiles/Main/tilesets_23.asset using Guid(4b440844e38eacb418a43745e0a72073) Importer(815301076,1909f56bfc062723c751e8b465ee728b)  -> (artifact id: '3eeb3da47ae5998b30e2c42a821dd614') in 0.009641 seconds 
========================================================================
Received Import Request.
  Time since last request: 0.000213 seconds.
  path: Assets/Tiles/Main/tilesets_5.asset
  artifactKey: Guid(91646d8fe08ea8446bbe1901f02849f9) Importer(815301076,1909f56bfc062723c751e8b465ee728b)
Start importing Assets/Tiles/Main/tilesets_5.asset using Guid(91646d8fe08ea8446bbe1901f02849f9) Importer(815301076,1909f56bfc062723c751e8b465ee728b)  -> (artifact id: '7b5147cab68713f43f123f6a3958eca2') in 0.008788 seconds 
========================================================================
Received Import Request.
  Time since last request: 0.000200 seconds.
  path: Assets/Tiles/Main/tilesets_11.asset
  artifactKey: Guid(7e675c820ea74f847a116c3bf67d8517) Importer(815301076,1909f56bfc062723c751e8b465ee728b)
Start importing Assets/Tiles/Main/tilesets_11.asset using Guid(7e675c820ea74f847a116c3bf67d8517) Importer(815301076,1909f56bfc062723c751e8b465ee728b)  -> (artifact id: '1c2b152658906ab9ab659121a68ed9be') in 0.009597 seconds 
========================================================================
Received Import Request.
  Time since last request: 0.000233 seconds.
  path: Assets/Tiles/Main/tilesets_6.asset
  artifactKey: Guid(45058381fba9a4f4f96e67470e7d39a7) Importer(815301076,1909f56bfc062723c751e8b465ee728b)
Start importing Assets/Tiles/Main/tilesets_6.asset using Guid(45058381fba9a4f4f96e67470e7d39a7) Importer(815301076,1909f56bfc062723c751e8b465ee728b)  -> (artifact id: '6212bf2ae290f30df3a877081f15c4cc') in 0.008774 seconds 
========================================================================
Received Import Request.
  Time since last request: 0.000315 seconds.
  path: Assets/Tiles/Main/tilesets_19.asset
  artifactKey: Guid(b3ab222444a60f341813cb349fab96fb) Importer(815301076,1909f56bfc062723c751e8b465ee728b)
Start importing Assets/Tiles/Main/tilesets_19.asset using Guid(b3ab222444a60f341813cb349fab96fb) Importer(815301076,1909f56bfc062723c751e8b465ee728b)  -> (artifact id: '29e5f5d002633425679a4bb43e2f0475') in 0.010027 seconds 
========================================================================
Received Import Request.
  Time since last request: 0.000208 seconds.
  path: Assets/Tiles/Main/tilesets_20.asset
  artifactKey: Guid(7793b7505a445914ab8f9b956b60beb1) Importer(815301076,1909f56bfc062723c751e8b465ee728b)
Start importing Assets/Tiles/Main/tilesets_20.asset using Guid(7793b7505a445914ab8f9b956b60beb1) Importer(815301076,1909f56bfc062723c751e8b465ee728b)  -> (artifact id: 'c70c0f6487fbc5994bc6da6dad57ba4e') in 0.009495 seconds 
========================================================================
Received Import Request.
  Time since last request: 0.000219 seconds.
  path: Assets/Tiles/Main/tilesets_7.asset
  artifactKey: Guid(55fcda9473cecb04d9bd741586899a03) Importer(815301076,1909f56bfc062723c751e8b465ee728b)
Start importing Assets/Tiles/Main/tilesets_7.asset using Guid(55fcda9473cecb04d9bd741586899a03) Importer(815301076,1909f56bfc062723c751e8b465ee728b)  -> (artifact id: '81a8de64fb4f3e1114c0e5a0522a377d') in 0.009164 seconds 
========================================================================
Received Import Request.
  Time since last request: 0.000240 seconds.
  path: Assets/Tiles/Main/tilesets_12.asset
  artifactKey: Guid(7a65efcae25e68a419fbc6409ec78e78) Importer(815301076,1909f56bfc062723c751e8b465ee728b)
Start importing Assets/Tiles/Main/tilesets_12.asset using Guid(7a65efcae25e68a419fbc6409ec78e78) Importer(815301076,1909f56bfc062723c751e8b465ee728b)  -> (artifact id: '1687dff2b75847ad7c7584b8bc3c3aaa') in 0.008602 seconds 
========================================================================
Received Import Request.
  Time since last request: 0.000245 seconds.
  path: Assets/Tiles/Main/tilesets_2.asset
  artifactKey: Guid(58b5589655a2512419aead0fc8dac435) Importer(815301076,1909f56bfc062723c751e8b465ee728b)
Start importing Assets/Tiles/Main/tilesets_2.asset using Guid(58b5589655a2512419aead0fc8dac435) Importer(815301076,1909f56bfc062723c751e8b465ee728b)  -> (artifact id: '7e66e6739d0888d415a56373e7645639') in 0.008363 seconds 
========================================================================
Received Import Request.
  Time since last request: 0.000209 seconds.
  path: Assets/Tiles/Main/tilesets_10.asset
  artifactKey: Guid(3fbc477cb72b5af419bca907bf5290dd) Importer(815301076,1909f56bfc062723c751e8b465ee728b)
Start importing Assets/Tiles/Main/tilesets_10.asset using Guid(3fbc477cb72b5af419bca907bf5290dd) Importer(815301076,1909f56bfc062723c751e8b465ee728b)  -> (artifact id: '752784ca5f6d9a9de9cfcd209fa359dd') in 0.009222 seconds 
========================================================================
Received Import Request.
  Time since last request: 1.034020 seconds.
  path: Assets/Tiles/Main/tilesets_24.asset
  artifactKey: Guid(27f43961f7719f24eb72e041d78316a5) Importer(815301076,1909f56bfc062723c751e8b465ee728b)
Start importing Assets/Tiles/Main/tilesets_24.asset using Guid(27f43961f7719f24eb72e041d78316a5) Importer(815301076,1909f56bfc062723c751e8b465ee728b)  -> (artifact id: 'd4e6cdff9ec7cc18d46508dd7d1a7692') in 0.008930 seconds 
========================================================================
Received Import Request.
  Time since last request: 0.000312 seconds.
  path: Assets/Tiles/Main/tilesets_25.asset
  artifactKey: Guid(5fee74947a77f8d4c8404e30f0b0a38c) Importer(815301076,1909f56bfc062723c751e8b465ee728b)
Start importing Assets/Tiles/Main/tilesets_25.asset using Guid(5fee74947a77f8d4c8404e30f0b0a38c) Importer(815301076,1909f56bfc062723c751e8b465ee728b)  -> (artifact id: '07a4b3e9a95de156a20ff7bc4719fb3c') in 0.008367 seconds 
========================================================================
Received Import Request.
  Time since last request: 0.000208 seconds.
  path: Assets/Tiles/Main/tilesets_26.asset
  artifactKey: Guid(6e6acb4ef3279cc4e962349850233299) Importer(815301076,1909f56bfc062723c751e8b465ee728b)
Start importing Assets/Tiles/Main/tilesets_26.asset using Guid(6e6acb4ef3279cc4e962349850233299) Importer(815301076,1909f56bfc062723c751e8b465ee728b)  -> (artifact id: '285570aeeb099ec917db1ace210ff81c') in 0.010096 seconds 
========================================================================
Received Import Request.
  Time since last request: 0.002959 seconds.
  path: Assets/Tiles/Main/tilesets_27.asset
  artifactKey: Guid(1caffc58008c6f14d82f544001591a31) Importer(815301076,1909f56bfc062723c751e8b465ee728b)
Start importing Assets/Tiles/Main/tilesets_27.asset using Guid(1caffc58008c6f14d82f544001591a31) Importer(815301076,1909f56bfc062723c751e8b465ee728b)  -> (artifact id: 'fba3da11dea1a5e9d929afbe7c244c11') in 0.009617 seconds 
========================================================================
Received Import Request.
  Time since last request: 0.000243 seconds.
  path: Assets/Tiles/Main/tilesets_28.asset
  artifactKey: Guid(850c81e1c05a3984a834f380cb9e9e44) Importer(815301076,1909f56bfc062723c751e8b465ee728b)
Start importing Assets/Tiles/Main/tilesets_28.asset using Guid(850c81e1c05a3984a834f380cb9e9e44) Importer(815301076,1909f56bfc062723c751e8b465ee728b)  -> (artifact id: '835ddc7e27cda10b3e9dc057817bb185') in 0.008771 seconds 
========================================================================
Received Import Request.
  Time since last request: 0.000201 seconds.
  path: Assets/Tiles/Main/tilesets_30.asset
  artifactKey: Guid(69eb94aa518e62440917472f68d41e43) Importer(815301076,1909f56bfc062723c751e8b465ee728b)
Start importing Assets/Tiles/Main/tilesets_30.asset using Guid(69eb94aa518e62440917472f68d41e43) Importer(815301076,1909f56bfc062723c751e8b465ee728b)  -> (artifact id: '4e011c131020ae7b7135ae0481896c3a') in 0.010041 seconds 
========================================================================
Received Import Request.
  Time since last request: 0.000189 seconds.
  path: Assets/Tiles/Main/tilesets_31.asset
  artifactKey: Guid(dd44156499284ae44b13c40097ffea92) Importer(815301076,1909f56bfc062723c751e8b465ee728b)
Start importing Assets/Tiles/Main/tilesets_31.asset using Guid(dd44156499284ae44b13c40097ffea92) Importer(815301076,1909f56bfc062723c751e8b465ee728b)  -> (artifact id: '6022eb9d13c26ba1bb5de28a3e9d6d7e') in 0.009020 seconds 
========================================================================
Received Import Request.
  Time since last request: 0.000186 seconds.
  path: Assets/Tiles/Main/tilesets_34.asset
  artifactKey: Guid(0987b10f1d6bde04e8aa705383224e0e) Importer(815301076,1909f56bfc062723c751e8b465ee728b)
Start importing Assets/Tiles/Main/tilesets_34.asset using Guid(0987b10f1d6bde04e8aa705383224e0e) Importer(815301076,1909f56bfc062723c751e8b465ee728b)  -> (artifact id: '0b9766ce86e891e111d2e20d871a6845') in 0.009347 seconds 
========================================================================
Received Import Request.
  Time since last request: 0.000192 seconds.
  path: Assets/Tiles/Main/tilesets_33.asset
  artifactKey: Guid(467cad989f96dd844a30e1aa0019dbd6) Importer(815301076,1909f56bfc062723c751e8b465ee728b)
Start importing Assets/Tiles/Main/tilesets_33.asset using Guid(467cad989f96dd844a30e1aa0019dbd6) Importer(815301076,1909f56bfc062723c751e8b465ee728b)  -> (artifact id: '75d4a41ff7fad5a46af631986823424e') in 0.009296 seconds 
========================================================================
Received Import Request.
  Time since last request: 0.000188 seconds.
  path: Assets/Tiles/Main/tilesets_35.asset
  artifactKey: Guid(fa85157117fce4f45908a98944612400) Importer(815301076,1909f56bfc062723c751e8b465ee728b)
Start importing Assets/Tiles/Main/tilesets_35.asset using Guid(fa85157117fce4f45908a98944612400) Importer(815301076,1909f56bfc062723c751e8b465ee728b)  -> (artifact id: 'a294342edb87fc02d72a7edc0fc92ba4') in 0.008701 seconds 
========================================================================
Received Import Request.
  Time since last request: 0.000201 seconds.
  path: Assets/Tiles/Main/tilesets_36.asset
  artifactKey: Guid(7b5ebfb409776b946a545095712be260) Importer(815301076,1909f56bfc062723c751e8b465ee728b)
Start importing Assets/Tiles/Main/tilesets_36.asset using Guid(7b5ebfb409776b946a545095712be260) Importer(815301076,1909f56bfc062723c751e8b465ee728b)  -> (artifact id: 'd712a85c924d90363accf5064ef3402d') in 0.009118 seconds 
========================================================================
Received Import Request.
  Time since last request: 0.000291 seconds.
  path: Assets/Tiles/Main/tilesets_37.asset
  artifactKey: Guid(28858a28fab77914fbdf57653b98a883) Importer(815301076,1909f56bfc062723c751e8b465ee728b)
Start importing Assets/Tiles/Main/tilesets_37.asset using Guid(28858a28fab77914fbdf57653b98a883) Importer(815301076,1909f56bfc062723c751e8b465ee728b)  -> (artifact id: 'f0aff5f2bdd162d808144721b14c0ffb') in 0.009583 seconds 
========================================================================
Received Import Request.
  Time since last request: 0.000225 seconds.
  path: Assets/Tiles/Main/tilesets_38.asset
  artifactKey: Guid(41af15b3e41cd4347bc3302c0fdcde8e) Importer(815301076,1909f56bfc062723c751e8b465ee728b)
Start importing Assets/Tiles/Main/tilesets_38.asset using Guid(41af15b3e41cd4347bc3302c0fdcde8e) Importer(815301076,1909f56bfc062723c751e8b465ee728b)  -> (artifact id: '245211fe616144db011085dce9805fa1') in 0.008305 seconds 
========================================================================
Received Import Request.
  Time since last request: 0.000318 seconds.
  path: Assets/Tiles/Main/tilesets_29.asset
  artifactKey: Guid(f4f7cb509c1f8fb4e8f1f3bd518f2d27) Importer(815301076,1909f56bfc062723c751e8b465ee728b)
Start importing Assets/Tiles/Main/tilesets_29.asset using Guid(f4f7cb509c1f8fb4e8f1f3bd518f2d27) Importer(815301076,1909f56bfc062723c751e8b465ee728b)  -> (artifact id: '868af7fa0e833737d797f738bd366dd9') in 0.008896 seconds 
========================================================================
Received Import Request.
  Time since last request: 0.000273 seconds.
  path: Assets/Tiles/Main/tilesets_32.asset
  artifactKey: Guid(c1451004887decb468349f7f1a7b0922) Importer(815301076,1909f56bfc062723c751e8b465ee728b)
Start importing Assets/Tiles/Main/tilesets_32.asset using Guid(c1451004887decb468349f7f1a7b0922) Importer(815301076,1909f56bfc062723c751e8b465ee728b)  -> (artifact id: 'e3cecde7372c972d7ea8b66ebd691615') in 0.008772 seconds 
========================================================================
Received Import Request.
  Time since last request: 0.197959 seconds.
  path: Assets/Tiles/Main/tilesets_39.asset
  artifactKey: Guid(dd25bcb39e573254b816b91e8a746d5c) Importer(815301076,1909f56bfc062723c751e8b465ee728b)
Start importing Assets/Tiles/Main/tilesets_39.asset using Guid(dd25bcb39e573254b816b91e8a746d5c) Importer(815301076,1909f56bfc062723c751e8b465ee728b)  -> (artifact id: '4d67dc6a67cad1e166632b1a99c29202') in 0.009044 seconds 
========================================================================
Received Import Request.
  Time since last request: 0.000251 seconds.
  path: Assets/Tiles/Main/tilesets_41.asset
  artifactKey: Guid(08968cb00e201b0439ddced8f694ed4b) Importer(815301076,1909f56bfc062723c751e8b465ee728b)
Start importing Assets/Tiles/Main/tilesets_41.asset using Guid(08968cb00e201b0439ddced8f694ed4b) Importer(815301076,1909f56bfc062723c751e8b465ee728b)  -> (artifact id: '674931ce776531b2216cca6dd8787fb2') in 0.009162 seconds 
========================================================================
Received Import Request.
  Time since last request: 0.000198 seconds.
  path: Assets/Tiles/Main/tilesets_42.asset
  artifactKey: Guid(1a48e97c94110794283322257d38dbd3) Importer(815301076,1909f56bfc062723c751e8b465ee728b)
Start importing Assets/Tiles/Main/tilesets_42.asset using Guid(1a48e97c94110794283322257d38dbd3) Importer(815301076,1909f56bfc062723c751e8b465ee728b)  -> (artifact id: '30549e62c4671069060bc47df4d847f6') in 0.009911 seconds 
========================================================================
Received Import Request.
  Time since last request: 0.000229 seconds.
  path: Assets/Tiles/Main/tilesets_47.asset
  artifactKey: Guid(682701ed346663243b5a110ea078f47a) Importer(815301076,1909f56bfc062723c751e8b465ee728b)
Start importing Assets/Tiles/Main/tilesets_47.asset using Guid(682701ed346663243b5a110ea078f47a) Importer(815301076,1909f56bfc062723c751e8b465ee728b)  -> (artifact id: 'ddae64479c69c531286f2c2f65f5b874') in 0.009120 seconds 
========================================================================
Received Import Request.
  Time since last request: 0.000200 seconds.
  path: Assets/Tiles/Main/tilesets_40.asset
  artifactKey: Guid(5dfd1cc26f8004740bca3dfef365d24f) Importer(815301076,1909f56bfc062723c751e8b465ee728b)
Start importing Assets/Tiles/Main/tilesets_40.asset using Guid(5dfd1cc26f8004740bca3dfef365d24f) Importer(815301076,1909f56bfc062723c751e8b465ee728b)  -> (artifact id: '896b9e87e8bd358a71591483b854c9eb') in 0.009631 seconds 
========================================================================
Received Import Request.
  Time since last request: 0.000209 seconds.
  path: Assets/Tiles/Main/tilesets_50.asset
  artifactKey: Guid(ecc74fb0872df934a9b33822017716ce) Importer(815301076,1909f56bfc062723c751e8b465ee728b)
Start importing Assets/Tiles/Main/tilesets_50.asset using Guid(ecc74fb0872df934a9b33822017716ce) Importer(815301076,1909f56bfc062723c751e8b465ee728b)  -> (artifact id: 'd274e5e9bc41d0bdb2cefccd27075f05') in 0.009244 seconds 
========================================================================
Received Import Request.
  Time since last request: 0.000248 seconds.
  path: Assets/Tiles/Main/tilesets_53.asset
  artifactKey: Guid(478fe533a797be44b870b054053eb99a) Importer(815301076,1909f56bfc062723c751e8b465ee728b)
Start importing Assets/Tiles/Main/tilesets_53.asset using Guid(478fe533a797be44b870b054053eb99a) Importer(815301076,1909f56bfc062723c751e8b465ee728b)  -> (artifact id: '6c24f31f61f626f7107ce5a9057ef290') in 0.008623 seconds 
========================================================================
Received Import Request.
  Time since last request: 0.000214 seconds.
  path: Assets/Tiles/Main/tilesets_48.asset
  artifactKey: Guid(4be315e2d144d974dba914b0234617f2) Importer(815301076,1909f56bfc062723c751e8b465ee728b)
Start importing Assets/Tiles/Main/tilesets_48.asset using Guid(4be315e2d144d974dba914b0234617f2) Importer(815301076,1909f56bfc062723c751e8b465ee728b)  -> (artifact id: 'ac753ae81343e09cfda4b94cab1a209a') in 0.009840 seconds 
========================================================================
Received Import Request.
  Time since last request: 0.000203 seconds.
  path: Assets/Tiles/Main/tilesets_45.asset
  artifactKey: Guid(8f2e59dbad42ec940b30a3828a6edf62) Importer(815301076,1909f56bfc062723c751e8b465ee728b)
Start importing Assets/Tiles/Main/tilesets_45.asset using Guid(8f2e59dbad42ec940b30a3828a6edf62) Importer(815301076,1909f56bfc062723c751e8b465ee728b)  -> (artifact id: '19dd903587cbe92a0d4955a176ecc586') in 0.008639 seconds 
========================================================================
Received Import Request.
  Time since last request: 0.000205 seconds.
  path: Assets/Tiles/Main/tilesets_51.asset
  artifactKey: Guid(bf7eeecf0cde3e648831f8d849b0f0ae) Importer(815301076,1909f56bfc062723c751e8b465ee728b)
Start importing Assets/Tiles/Main/tilesets_51.asset using Guid(bf7eeecf0cde3e648831f8d849b0f0ae) Importer(815301076,1909f56bfc062723c751e8b465ee728b)  -> (artifact id: '33451e45889c38a27ab4c45b1a27b7b2') in 0.009552 seconds 
========================================================================
Received Import Request.
  Time since last request: 0.000284 seconds.
  path: Assets/Tiles/Main/tilesets_44.asset
  artifactKey: Guid(f253c5b191ea02646889ed2e554fdd9a) Importer(815301076,1909f56bfc062723c751e8b465ee728b)
Start importing Assets/Tiles/Main/tilesets_44.asset using Guid(f253c5b191ea02646889ed2e554fdd9a) Importer(815301076,1909f56bfc062723c751e8b465ee728b)  -> (artifact id: '86b204956269625dba7962fcdaefa0d6') in 0.010024 seconds 
========================================================================
Received Import Request.
  Time since last request: 0.000169 seconds.
  path: Assets/Tiles/Main/tilesets_46.asset
  artifactKey: Guid(8a9ea7509b9a16e439e14f3de8012975) Importer(815301076,1909f56bfc062723c751e8b465ee728b)
Start importing Assets/Tiles/Main/tilesets_46.asset using Guid(8a9ea7509b9a16e439e14f3de8012975) Importer(815301076,1909f56bfc062723c751e8b465ee728b)  -> (artifact id: '839bd0893527eb322ac8ac4b57c39575') in 0.009583 seconds 
========================================================================
Received Import Request.
  Time since last request: 0.000165 seconds.
  path: Assets/Tiles/Main/tilesets_49.asset
  artifactKey: Guid(9fba8f18bb657594483cdb00d33207e2) Importer(815301076,1909f56bfc062723c751e8b465ee728b)
Start importing Assets/Tiles/Main/tilesets_49.asset using Guid(9fba8f18bb657594483cdb00d33207e2) Importer(815301076,1909f56bfc062723c751e8b465ee728b)  -> (artifact id: '173dbf3a407c80038cda8091bc07fd02') in 0.012265 seconds 
========================================================================
Received Import Request.
  Time since last request: 0.000183 seconds.
  path: Assets/Tiles/Main/tilesets_52.asset
  artifactKey: Guid(f452f22b6adae8c478bb6f6870ec8a4a) Importer(815301076,1909f56bfc062723c751e8b465ee728b)
Start importing Assets/Tiles/Main/tilesets_52.asset using Guid(f452f22b6adae8c478bb6f6870ec8a4a) Importer(815301076,1909f56bfc062723c751e8b465ee728b)  -> (artifact id: '582034979b1ae4b7b7ec35113ba9e4a7') in 0.011582 seconds 
========================================================================
Received Import Request.
  Time since last request: 0.000191 seconds.
  path: Assets/Tiles/Main/tilesets_43.asset
  artifactKey: Guid(4f75f811dbc600349b29f1fe600028b7) Importer(815301076,1909f56bfc062723c751e8b465ee728b)
Start importing Assets/Tiles/Main/tilesets_43.asset using Guid(4f75f811dbc600349b29f1fe600028b7) Importer(815301076,1909f56bfc062723c751e8b465ee728b)  -> (artifact id: 'd34dbf2a629586caa7cebf1139b35926') in 0.009387 seconds 
========================================================================
Received Import Request.
  Time since last request: 0.057628 seconds.
  path: Assets/Tiles/Main/tilesets_54.asset
  artifactKey: Guid(6c6052e1f1a4fdb4cb56d9b00d17a53f) Importer(815301076,1909f56bfc062723c751e8b465ee728b)
Start importing Assets/Tiles/Main/tilesets_54.asset using Guid(6c6052e1f1a4fdb4cb56d9b00d17a53f) Importer(815301076,1909f56bfc062723c751e8b465ee728b)  -> (artifact id: '13d7d6a2572b89d5d6b51dfbf315c10e') in 0.008379 seconds 
========================================================================
Received Import Request.
  Time since last request: 0.000242 seconds.
  path: Assets/Tiles/Main/tilesets_57.asset
  artifactKey: Guid(9bf1762dac5b53b4fb78b520afeb1479) Importer(815301076,1909f56bfc062723c751e8b465ee728b)
Start importing Assets/Tiles/Main/tilesets_57.asset using Guid(9bf1762dac5b53b4fb78b520afeb1479) Importer(815301076,1909f56bfc062723c751e8b465ee728b)  -> (artifact id: '779de92ee0a31dc7dfe00cef617ea783') in 0.009362 seconds 
========================================================================
Received Import Request.
  Time since last request: 0.000402 seconds.
  path: Assets/Tiles/Main/tilesets_56.asset
  artifactKey: Guid(6d5c2fdbf30849d4191824950fb269ce) Importer(815301076,1909f56bfc062723c751e8b465ee728b)
Start importing Assets/Tiles/Main/tilesets_56.asset using Guid(6d5c2fdbf30849d4191824950fb269ce) Importer(815301076,1909f56bfc062723c751e8b465ee728b)  -> (artifact id: 'dba89f3f7daeb80378f1b6260b627900') in 0.011304 seconds 
========================================================================
Received Import Request.
  Time since last request: 0.000217 seconds.
  path: Assets/Tiles/Main/tilesets_61.asset
  artifactKey: Guid(653905424baa3e0459a2cc6c40931a23) Importer(815301076,1909f56bfc062723c751e8b465ee728b)
Start importing Assets/Tiles/Main/tilesets_61.asset using Guid(653905424baa3e0459a2cc6c40931a23) Importer(815301076,1909f56bfc062723c751e8b465ee728b)  -> (artifact id: 'a716a0761b575765cfade03b2dd6bdbb') in 0.008603 seconds 
========================================================================
Received Import Request.
  Time since last request: 0.000276 seconds.
  path: Assets/Tiles/Main/tilesets_64.asset
  artifactKey: Guid(ab1bfbd1f4e0524409749e91c25eb236) Importer(815301076,1909f56bfc062723c751e8b465ee728b)
Start importing Assets/Tiles/Main/tilesets_64.asset using Guid(ab1bfbd1f4e0524409749e91c25eb236) Importer(815301076,1909f56bfc062723c751e8b465ee728b)  -> (artifact id: '7bc6627b855874877f88bc4965ad858b') in 0.009671 seconds 
========================================================================
Received Import Request.
  Time since last request: 0.000241 seconds.
  path: Assets/Tiles/Main/tilesets_66.asset
  artifactKey: Guid(b3267cdad4a258f49947e59345fe8758) Importer(815301076,1909f56bfc062723c751e8b465ee728b)
Start importing Assets/Tiles/Main/tilesets_66.asset using Guid(b3267cdad4a258f49947e59345fe8758) Importer(815301076,1909f56bfc062723c751e8b465ee728b)  -> (artifact id: '1af65384fb86783e8308d7f4f2e1e726') in 0.009843 seconds 
========================================================================
Received Import Request.
  Time since last request: 0.000245 seconds.
  path: Assets/Tiles/Main/tilesets_71.asset
  artifactKey: Guid(916719c34ac2d3244beed8ee0bc04667) Importer(815301076,1909f56bfc062723c751e8b465ee728b)
Start importing Assets/Tiles/Main/tilesets_71.asset using Guid(916719c34ac2d3244beed8ee0bc04667) Importer(815301076,1909f56bfc062723c751e8b465ee728b)  -> (artifact id: '246e68077ad6ddbb8ccf299a0d9604b2') in 0.008780 seconds 
========================================================================
Received Import Request.
  Time since last request: 0.000217 seconds.
  path: Assets/Tiles/Main/tilesets_69.asset
  artifactKey: Guid(5b7ba03adeb802048b6f85a0fff790ed) Importer(815301076,1909f56bfc062723c751e8b465ee728b)
Start importing Assets/Tiles/Main/tilesets_69.asset using Guid(5b7ba03adeb802048b6f85a0fff790ed) Importer(815301076,1909f56bfc062723c751e8b465ee728b)  -> (artifact id: 'c2dd3348636f241a15ad24fb4e9ed5e0') in 0.009446 seconds 
========================================================================
Received Import Request.
  Time since last request: 0.000288 seconds.
  path: Assets/Tiles/Main/tilesets_70.asset
  artifactKey: Guid(9f267e35cde9e5b4f9b3cd583398e816) Importer(815301076,1909f56bfc062723c751e8b465ee728b)
Start importing Assets/Tiles/Main/tilesets_70.asset using Guid(9f267e35cde9e5b4f9b3cd583398e816) Importer(815301076,1909f56bfc062723c751e8b465ee728b)  -> (artifact id: '1514d7e9f858754ceef967ce680589c5') in 0.009151 seconds 
========================================================================
Received Import Request.
  Time since last request: 0.000249 seconds.
  path: Assets/Tiles/Main/tilesets_67.asset
  artifactKey: Guid(546d9aa176051f443a0ae34fbb28bc5e) Importer(815301076,1909f56bfc062723c751e8b465ee728b)
Start importing Assets/Tiles/Main/tilesets_67.asset using Guid(546d9aa176051f443a0ae34fbb28bc5e) Importer(815301076,1909f56bfc062723c751e8b465ee728b)  -> (artifact id: 'c9eb3436668a9bf8a0a0b60b34f949d2') in 0.009481 seconds 
========================================================================
Received Import Request.
  Time since last request: 0.000313 seconds.
  path: Assets/Tiles/Main/tilesets_63.asset
  artifactKey: Guid(ef3e56005f6d9d64e97ab3128542182e) Importer(815301076,1909f56bfc062723c751e8b465ee728b)
Start importing Assets/Tiles/Main/tilesets_63.asset using Guid(ef3e56005f6d9d64e97ab3128542182e) Importer(815301076,1909f56bfc062723c751e8b465ee728b)  -> (artifact id: '1627a5436b429a76bb4827afb152c4c8') in 0.009901 seconds 
========================================================================
Received Import Request.
  Time since last request: 0.000360 seconds.
  path: Assets/Tiles/Main/tilesets_68.asset
  artifactKey: Guid(a04faa199c164994bbef02723ac84095) Importer(815301076,1909f56bfc062723c751e8b465ee728b)
Start importing Assets/Tiles/Main/tilesets_68.asset using Guid(a04faa199c164994bbef02723ac84095) Importer(815301076,1909f56bfc062723c751e8b465ee728b)  -> (artifact id: '705b6734611441d74e9079ee70f350b0') in 0.009764 seconds 
========================================================================
Received Import Request.
  Time since last request: 0.000242 seconds.
  path: Assets/Tiles/Main/tilesets_60.asset
  artifactKey: Guid(9877f908643d6484281f009b9e7ab916) Importer(815301076,1909f56bfc062723c751e8b465ee728b)
Start importing Assets/Tiles/Main/tilesets_60.asset using Guid(9877f908643d6484281f009b9e7ab916) Importer(815301076,1909f56bfc062723c751e8b465ee728b)  -> (artifact id: 'a9caab46a8a0bd62f3ea79dcf48f93eb') in 0.009270 seconds 
========================================================================
Received Import Request.
  Time since last request: 0.000216 seconds.
  path: Assets/Tiles/Main/tilesets_65.asset
  artifactKey: Guid(b4c69ad24fc7b1144a4dd8575fe3edde) Importer(815301076,1909f56bfc062723c751e8b465ee728b)
Start importing Assets/Tiles/Main/tilesets_65.asset using Guid(b4c69ad24fc7b1144a4dd8575fe3edde) Importer(815301076,1909f56bfc062723c751e8b465ee728b)  -> (artifact id: '533956013e98df96327ce0f5e140ac4d') in 0.009191 seconds 
========================================================================
Received Import Request.
  Time since last request: 0.000254 seconds.
  path: Assets/Tiles/Main/tilesets_59.asset
  artifactKey: Guid(17680744f7e8b2745b3258f7bfb08a76) Importer(815301076,1909f56bfc062723c751e8b465ee728b)
Start importing Assets/Tiles/Main/tilesets_59.asset using Guid(17680744f7e8b2745b3258f7bfb08a76) Importer(815301076,1909f56bfc062723c751e8b465ee728b)  -> (artifact id: 'b3f199e3e3a5d494a52af7d937201d36') in 0.010412 seconds 
========================================================================
Received Import Request.
  Time since last request: 0.000212 seconds.
  path: Assets/Tiles/Main/tilesets_62.asset
  artifactKey: Guid(6d96b92ae2589a244a27bbe03d0a34f4) Importer(815301076,1909f56bfc062723c751e8b465ee728b)
Start importing Assets/Tiles/Main/tilesets_62.asset using Guid(6d96b92ae2589a244a27bbe03d0a34f4) Importer(815301076,1909f56bfc062723c751e8b465ee728b)  -> (artifact id: '1c6f67031f432c71d39ede20c9a15c74') in 0.008705 seconds 
========================================================================
Received Import Request.
  Time since last request: 0.000254 seconds.
  path: Assets/Tiles/Main/tilesets_55.asset
  artifactKey: Guid(9daa6b3819257b74da46124e8c5c0b6d) Importer(815301076,1909f56bfc062723c751e8b465ee728b)
Start importing Assets/Tiles/Main/tilesets_55.asset using Guid(9daa6b3819257b74da46124e8c5c0b6d) Importer(815301076,1909f56bfc062723c751e8b465ee728b)  -> (artifact id: '01cd8aa3edc6106af40504264835d930') in 0.010411 seconds 
========================================================================
Received Import Request.
  Time since last request: 0.000217 seconds.
  path: Assets/Tiles/Main/tilesets_58.asset
  artifactKey: Guid(9d4168b938e36054d85954dc77d6825b) Importer(815301076,1909f56bfc062723c751e8b465ee728b)
Start importing Assets/Tiles/Main/tilesets_58.asset using Guid(9d4168b938e36054d85954dc77d6825b) Importer(815301076,1909f56bfc062723c751e8b465ee728b)  -> (artifact id: '331b5b6e7a096b02ec3cfd1d44fa5725') in 0.010675 seconds 
========================================================================
Received Import Request.
  Time since last request: 0.014119 seconds.
  path: Assets/Tiles/Main/tilesets_72.asset
  artifactKey: Guid(a62b7c515f5eec548ae5a3cddbc71fb8) Importer(815301076,1909f56bfc062723c751e8b465ee728b)
Start importing Assets/Tiles/Main/tilesets_72.asset using Guid(a62b7c515f5eec548ae5a3cddbc71fb8) Importer(815301076,1909f56bfc062723c751e8b465ee728b)  -> (artifact id: '47dd8ec8b6b45e74a23ae6ba888864cf') in 0.008802 seconds 
========================================================================
Received Import Request.
  Time since last request: 0.000224 seconds.
  path: Assets/Tiles/Main/tilesets_73.asset
  artifactKey: Guid(2ebfd93a88ae8de4ba97ddc059425d75) Importer(815301076,1909f56bfc062723c751e8b465ee728b)
Start importing Assets/Tiles/Main/tilesets_73.asset using Guid(2ebfd93a88ae8de4ba97ddc059425d75) Importer(815301076,1909f56bfc062723c751e8b465ee728b)  -> (artifact id: '28d93d8d4afa5871d260150541041cc1') in 0.010544 seconds 
========================================================================
Received Import Request.
  Time since last request: 0.000236 seconds.
  path: Assets/Tiles/Main/tilesets_77.asset
  artifactKey: Guid(310841a3245509849b136be32c2ea679) Importer(815301076,1909f56bfc062723c751e8b465ee728b)
Start importing Assets/Tiles/Main/tilesets_77.asset using Guid(310841a3245509849b136be32c2ea679) Importer(815301076,1909f56bfc062723c751e8b465ee728b)  -> (artifact id: '6f1351631612197175b835d5b70fb07d') in 0.009113 seconds 
========================================================================
Received Import Request.
  Time since last request: 0.000218 seconds.
  path: Assets/Tiles/Main/tilesets_80.asset
  artifactKey: Guid(153d2b56f43d0404b8511fe6820dd1f4) Importer(815301076,1909f56bfc062723c751e8b465ee728b)
Start importing Assets/Tiles/Main/tilesets_80.asset using Guid(153d2b56f43d0404b8511fe6820dd1f4) Importer(815301076,1909f56bfc062723c751e8b465ee728b)  -> (artifact id: '41d2b4b0f9f3f7c8e2f385fa926f1c1d') in 0.009517 seconds 
========================================================================
Received Import Request.
  Time since last request: 0.000254 seconds.
  path: Assets/Tiles/Main/tilesets_81.asset
  artifactKey: Guid(4483c34b2bd1dbe4b8365d9aebdf7d7b) Importer(815301076,1909f56bfc062723c751e8b465ee728b)
Start importing Assets/Tiles/Main/tilesets_81.asset using Guid(4483c34b2bd1dbe4b8365d9aebdf7d7b) Importer(815301076,1909f56bfc062723c751e8b465ee728b)  -> (artifact id: '94ce2c7910df41dda4c65d279fce3150') in 0.009608 seconds 
========================================================================
Received Import Request.
  Time since last request: 0.000259 seconds.
  path: Assets/Tiles/Main/tilesets_78.asset
  artifactKey: Guid(efe6807ff465d3a4b9db1d4447a9eaf6) Importer(815301076,1909f56bfc062723c751e8b465ee728b)
Start importing Assets/Tiles/Main/tilesets_78.asset using Guid(efe6807ff465d3a4b9db1d4447a9eaf6) Importer(815301076,1909f56bfc062723c751e8b465ee728b)  -> (artifact id: '74bbec1be64e117bec73db83422f46d6') in 0.011782 seconds 
========================================================================
Received Import Request.
  Time since last request: 0.000177 seconds.
  path: Assets/Tiles/Main/tilesets_84.asset
  artifactKey: Guid(ad7fe8f38b259ee4492084d5c63fa7a9) Importer(815301076,1909f56bfc062723c751e8b465ee728b)
Start importing Assets/Tiles/Main/tilesets_84.asset using Guid(ad7fe8f38b259ee4492084d5c63fa7a9) Importer(815301076,1909f56bfc062723c751e8b465ee728b)  -> (artifact id: '78d289f45a4dc1eab667e343b62c3bde') in 0.010507 seconds 
========================================================================
Received Import Request.
  Time since last request: 0.000220 seconds.
  path: Assets/Tiles/Main/tilesets_86.asset
  artifactKey: Guid(60a9e699fb3a0224ea61a52e253c0eb2) Importer(815301076,1909f56bfc062723c751e8b465ee728b)
Start importing Assets/Tiles/Main/tilesets_86.asset using Guid(60a9e699fb3a0224ea61a52e253c0eb2) Importer(815301076,1909f56bfc062723c751e8b465ee728b)  -> (artifact id: 'e8217f631b77d7fa8e82bc7e275a6c68') in 0.010475 seconds 
========================================================================
Received Import Request.
  Time since last request: 0.000182 seconds.
  path: Assets/Tiles/Main/tilesets_79.asset
  artifactKey: Guid(43994009e55646f48942795e587aa496) Importer(815301076,1909f56bfc062723c751e8b465ee728b)
Start importing Assets/Tiles/Main/tilesets_79.asset using Guid(43994009e55646f48942795e587aa496) Importer(815301076,1909f56bfc062723c751e8b465ee728b)  -> (artifact id: 'd3f159b0f7df1a884312a1c14fd3f53d') in 0.008521 seconds 
========================================================================
Received Import Request.
  Time since last request: 0.000210 seconds.
  path: Assets/Tiles/Main/tilesets_76.asset
  artifactKey: Guid(d6ac28c5eeea3654ebf20bd830a4f107) Importer(815301076,1909f56bfc062723c751e8b465ee728b)
Start importing Assets/Tiles/Main/tilesets_76.asset using Guid(d6ac28c5eeea3654ebf20bd830a4f107) Importer(815301076,1909f56bfc062723c751e8b465ee728b)  -> (artifact id: 'b63f0c26783819b93e6208d283ad5d0f') in 0.012243 seconds 
========================================================================
Received Import Request.
  Time since last request: 0.000191 seconds.
  path: Assets/Tiles/Main/tilesets_75.asset
  artifactKey: Guid(b6039525db9a9e546aa01f6ecf6177c1) Importer(815301076,1909f56bfc062723c751e8b465ee728b)
Start importing Assets/Tiles/Main/tilesets_75.asset using Guid(b6039525db9a9e546aa01f6ecf6177c1) Importer(815301076,1909f56bfc062723c751e8b465ee728b)  -> (artifact id: '5b2c6ce7695f3a98cb86a4c7b40af3bf') in 0.010029 seconds 
========================================================================
Received Import Request.
  Time since last request: 0.000249 seconds.
  path: Assets/Tiles/Main/tilesets_83.asset
  artifactKey: Guid(4ebe0a7b2f9d5084b9f624071e44b9b2) Importer(815301076,1909f56bfc062723c751e8b465ee728b)
Start importing Assets/Tiles/Main/tilesets_83.asset using Guid(4ebe0a7b2f9d5084b9f624071e44b9b2) Importer(815301076,1909f56bfc062723c751e8b465ee728b)  -> (artifact id: '51041158483b7102a2798d2d5d4d8c0c') in 0.012271 seconds 
========================================================================
Received Import Request.
  Time since last request: 0.000225 seconds.
  path: Assets/Tiles/Main/tilesets_74.asset
  artifactKey: Guid(a2b1a8a9cd62c504b9bd034ce6cc3936) Importer(815301076,1909f56bfc062723c751e8b465ee728b)
Start importing Assets/Tiles/Main/tilesets_74.asset using Guid(a2b1a8a9cd62c504b9bd034ce6cc3936) Importer(815301076,1909f56bfc062723c751e8b465ee728b)  -> (artifact id: '57f69daa471f0316bd14bec86579ebd0') in 0.011061 seconds 
========================================================================
Received Import Request.
  Time since last request: 0.000175 seconds.
  path: Assets/Tiles/Main/tilesets_82.asset
  artifactKey: Guid(9cf68190fdf286446a832fb31c99d3a3) Importer(815301076,1909f56bfc062723c751e8b465ee728b)
Start importing Assets/Tiles/Main/tilesets_82.asset using Guid(9cf68190fdf286446a832fb31c99d3a3) Importer(815301076,1909f56bfc062723c751e8b465ee728b)  -> (artifact id: '0c5dc702777d3cd5eef6ca248880e6eb') in 0.011127 seconds 
========================================================================
Received Import Request.
  Time since last request: 0.000182 seconds.
  path: Assets/Tiles/Main/tilesets_85.asset
  artifactKey: Guid(78de678fd564a4742b2ef38c8aa964d9) Importer(815301076,1909f56bfc062723c751e8b465ee728b)
Start importing Assets/Tiles/Main/tilesets_85.asset using Guid(78de678fd564a4742b2ef38c8aa964d9) Importer(815301076,1909f56bfc062723c751e8b465ee728b)  -> (artifact id: 'b7d256c14f814425b483a8e43d07ba71') in 0.011067 seconds 
========================================================================
Received Import Request.
  Time since last request: 0.032073 seconds.
  path: Assets/Tiles/Main/tilesets_87.asset
  artifactKey: Guid(000c49ab17398494dbc6961b2a4d10b0) Importer(815301076,1909f56bfc062723c751e8b465ee728b)
Start importing Assets/Tiles/Main/tilesets_87.asset using Guid(000c49ab17398494dbc6961b2a4d10b0) Importer(815301076,1909f56bfc062723c751e8b465ee728b)  -> (artifact id: '28ffe0459a2052a4207c2a6b034db33f') in 0.009747 seconds 
========================================================================
Received Import Request.
  Time since last request: 0.000257 seconds.
  path: Assets/Tiles/Main/tilesets_88.asset
  artifactKey: Guid(4343c93acd2ef424ca29c383ebab7240) Importer(815301076,1909f56bfc062723c751e8b465ee728b)
Start importing Assets/Tiles/Main/tilesets_88.asset using Guid(4343c93acd2ef424ca29c383ebab7240) Importer(815301076,1909f56bfc062723c751e8b465ee728b)  -> (artifact id: '39b9cd1c92f4fd9d8b61b0120aa13e4d') in 0.009801 seconds 
========================================================================
Received Import Request.
  Time since last request: 0.000226 seconds.
  path: Assets/Tiles/Main/tilesets_93.asset
  artifactKey: Guid(cf150e267a7aaac41962bbdff59b1cc0) Importer(815301076,1909f56bfc062723c751e8b465ee728b)
Start importing Assets/Tiles/Main/tilesets_93.asset using Guid(cf150e267a7aaac41962bbdff59b1cc0) Importer(815301076,1909f56bfc062723c751e8b465ee728b)  -> (artifact id: '152ee470c5517a03b6699bf2f3202f67') in 0.008862 seconds 
========================================================================
Received Import Request.
  Time since last request: 0.000227 seconds.
  path: Assets/Tiles/Main/tilesets_89.asset
  artifactKey: Guid(58f41f5ed4c0e9547b2e16c059d7f295) Importer(815301076,1909f56bfc062723c751e8b465ee728b)
Start importing Assets/Tiles/Main/tilesets_89.asset using Guid(58f41f5ed4c0e9547b2e16c059d7f295) Importer(815301076,1909f56bfc062723c751e8b465ee728b)  -> (artifact id: '250645ce69f91ebc1163b0bb76f3c261') in 0.008892 seconds 
========================================================================
Received Import Request.
  Time since last request: 0.000257 seconds.
  path: Assets/Tiles/Main/tilesets_97.asset
  artifactKey: Guid(acbaaac7f8b33d24690b66dd0dd82da8) Importer(815301076,1909f56bfc062723c751e8b465ee728b)
Start importing Assets/Tiles/Main/tilesets_97.asset using Guid(acbaaac7f8b33d24690b66dd0dd82da8) Importer(815301076,1909f56bfc062723c751e8b465ee728b)  -> (artifact id: '6358eebfcef9ee47c611488f70b5895b') in 0.009181 seconds 
========================================================================
Received Import Request.
  Time since last request: 0.000275 seconds.
  path: Assets/Tiles/Main/tilesets_98.asset
  artifactKey: Guid(71c9becd6ccc5bf4bb82e401071733f7) Importer(815301076,1909f56bfc062723c751e8b465ee728b)
Start importing Assets/Tiles/Main/tilesets_98.asset using Guid(71c9becd6ccc5bf4bb82e401071733f7) Importer(815301076,1909f56bfc062723c751e8b465ee728b)  -> (artifact id: 'a776b96a34a3068c440476ee3fc46b33') in 0.009357 seconds 
========================================================================
Received Import Request.
  Time since last request: 0.000234 seconds.
  path: Assets/Tiles/Main/tilesets_99.asset
  artifactKey: Guid(fdfd760f7ed18474aa34b725dacf1165) Importer(815301076,1909f56bfc062723c751e8b465ee728b)
Start importing Assets/Tiles/Main/tilesets_99.asset using Guid(fdfd760f7ed18474aa34b725dacf1165) Importer(815301076,1909f56bfc062723c751e8b465ee728b)  -> (artifact id: '7491684c85b84a7dd712f0cae4b117f3') in 0.009069 seconds 
========================================================================
Received Import Request.
  Time since last request: 0.000325 seconds.
  path: Assets/Tiles/Main/tilesets_100.asset
  artifactKey: Guid(1f720d931ae0b5d44bf1e7c378054659) Importer(815301076,1909f56bfc062723c751e8b465ee728b)
Start importing Assets/Tiles/Main/tilesets_100.asset using Guid(1f720d931ae0b5d44bf1e7c378054659) Importer(815301076,1909f56bfc062723c751e8b465ee728b)  -> (artifact id: 'ce9292c61afbcd0671d8bbf0efa11c91') in 0.009016 seconds 
========================================================================
Received Import Request.
  Time since last request: 0.000225 seconds.
  path: Assets/Tiles/Main/tilesets_94.asset
  artifactKey: Guid(a2807cdb5b6a90d429fae34e5f7d4178) Importer(815301076,1909f56bfc062723c751e8b465ee728b)
Start importing Assets/Tiles/Main/tilesets_94.asset using Guid(a2807cdb5b6a90d429fae34e5f7d4178) Importer(815301076,1909f56bfc062723c751e8b465ee728b)  -> (artifact id: '5de5892a4207960f1a922a010e1431cf') in 0.008941 seconds 
========================================================================
Received Import Request.
  Time since last request: 0.000202 seconds.
  path: Assets/Tiles/Main/tilesets_92.asset
  artifactKey: Guid(cfbdff832cb18bc4a91f2e93f0c01360) Importer(815301076,1909f56bfc062723c751e8b465ee728b)
Start importing Assets/Tiles/Main/tilesets_92.asset using Guid(cfbdff832cb18bc4a91f2e93f0c01360) Importer(815301076,1909f56bfc062723c751e8b465ee728b)  -> (artifact id: 'e457231cac87a30e438a5df8511ec790') in 0.009376 seconds 
========================================================================
Received Import Request.
  Time since last request: 0.000191 seconds.
  path: Assets/Tiles/Main/tilesets_95.asset
  artifactKey: Guid(4b1da263e4f9b2547b9e2e2403628260) Importer(815301076,1909f56bfc062723c751e8b465ee728b)
Start importing Assets/Tiles/Main/tilesets_95.asset using Guid(4b1da263e4f9b2547b9e2e2403628260) Importer(815301076,1909f56bfc062723c751e8b465ee728b)  -> (artifact id: '3ba21e0694939fd65139772a6d977b08') in 0.009352 seconds 
========================================================================
Received Import Request.
  Time since last request: 0.000189 seconds.
  path: Assets/Tiles/Main/tilesets_91.asset
  artifactKey: Guid(a5d40e5458d2ec948be65bf859bd3011) Importer(815301076,1909f56bfc062723c751e8b465ee728b)
Start importing Assets/Tiles/Main/tilesets_91.asset using Guid(a5d40e5458d2ec948be65bf859bd3011) Importer(815301076,1909f56bfc062723c751e8b465ee728b)  -> (artifact id: '2d03be731f81516694d89b46177c0819') in 0.009497 seconds 
========================================================================
Received Import Request.
  Time since last request: 0.000201 seconds.
  path: Assets/Tiles/Main/tilesets_101.asset
  artifactKey: Guid(c0474a8cab2399a4db736cbe50b4b3a7) Importer(815301076,1909f56bfc062723c751e8b465ee728b)
Start importing Assets/Tiles/Main/tilesets_101.asset using Guid(c0474a8cab2399a4db736cbe50b4b3a7) Importer(815301076,1909f56bfc062723c751e8b465ee728b)  -> (artifact id: '2076f9d1585a91d2175c82a0fcc73bd3') in 0.014386 seconds 
========================================================================
Received Import Request.
  Time since last request: 0.000200 seconds.
  path: Assets/Tiles/Main/tilesets_90.asset
  artifactKey: Guid(5df0f10d1a884cc4a97cacd7b0dda8f8) Importer(815301076,1909f56bfc062723c751e8b465ee728b)
Start importing Assets/Tiles/Main/tilesets_90.asset using Guid(5df0f10d1a884cc4a97cacd7b0dda8f8) Importer(815301076,1909f56bfc062723c751e8b465ee728b)  -> (artifact id: '53ce907c451112d5a2511cd6a15a13e9') in 0.008888 seconds 
========================================================================
Received Import Request.
  Time since last request: 0.000233 seconds.
  path: Assets/Tiles/Main/tilesets_96.asset
  artifactKey: Guid(44bf2d2bf31b1074da13d922ea0c1d98) Importer(815301076,1909f56bfc062723c751e8b465ee728b)
Start importing Assets/Tiles/Main/tilesets_96.asset using Guid(44bf2d2bf31b1074da13d922ea0c1d98) Importer(815301076,1909f56bfc062723c751e8b465ee728b)  -> (artifact id: 'a4ddcc95b3846296a1fb26d96b690da9') in 0.010623 seconds 
========================================================================
Received Import Request.
  Time since last request: 0.061916 seconds.
  path: Assets/Tiles/Main/tilesets_102.asset
  artifactKey: Guid(05415c6b95a0001408507d1278236bd8) Importer(815301076,1909f56bfc062723c751e8b465ee728b)
Start importing Assets/Tiles/Main/tilesets_102.asset using Guid(05415c6b95a0001408507d1278236bd8) Importer(815301076,1909f56bfc062723c751e8b465ee728b)  -> (artifact id: '6404c1cd1ed42663736cb9b245cb6841') in 0.009237 seconds 
========================================================================
Received Import Request.
  Time since last request: 114.231637 seconds.
  path: Assets/Scenes/Test.unity
  artifactKey: Guid(f578e5ece61d80746b135ead35fa8e5a) Importer(815301076,1909f56bfc062723c751e8b465ee728b)
Start importing Assets/Scenes/Test.unity using Guid(f578e5ece61d80746b135ead35fa8e5a) Importer(815301076,1909f56bfc062723c751e8b465ee728b)  -> (artifact id: '5c96bdf060c16fdee4dcea79a29a0801') in 0.007536 seconds 
========================================================================
Received Import Request.
  Time since last request: 3.582749 seconds.
  path: Assets/Scenes/Test 1.unity
  artifactKey: Guid(77618fef5d5b3134fa4e9665518b0d36) Importer(815301076,1909f56bfc062723c751e8b465ee728b)
Start importing Assets/Scenes/Test 1.unity using Guid(77618fef5d5b3134fa4e9665518b0d36) Importer(815301076,1909f56bfc062723c751e8b465ee728b)  -> (artifact id: 'f8e3a25fe5fa2d04de36102806eed362') in 0.005546 seconds 
========================================================================
Received Import Request.
  Time since last request: 12.093065 seconds.
  path: Assets/Scenes/Exercise.unity
  artifactKey: Guid(77618fef5d5b3134fa4e9665518b0d36) Importer(815301076,1909f56bfc062723c751e8b465ee728b)
Start importing Assets/Scenes/Exercise.unity using Guid(77618fef5d5b3134fa4e9665518b0d36) Importer(815301076,1909f56bfc062723c751e8b465ee728b)  -> (artifact id: '329b416c7b705cce1cc88fb203a21145') in 0.006028 seconds 
========================================================================
Received Import Request.
  Time since last request: 318.195233 seconds.
  path: Assets/Scenes/Exercise.unity
  artifactKey: Guid(77618fef5d5b3134fa4e9665518b0d36) Importer(815301076,1909f56bfc062723c751e8b465ee728b)
Start importing Assets/Scenes/Exercise.unity using Guid(77618fef5d5b3134fa4e9665518b0d36) Importer(815301076,1909f56bfc062723c751e8b465ee728b)  -> (artifact id: '486fcbfdcf93111ee6ea100b3b12349d') in 0.002668 seconds 
