Using pre-set license
Built from '2021.1/staging' branch; Version is '2021.1.20f1 (be552157821d) revision 12473633'; Using compiler version '192528614'; Build Type 'Release'
OS: 'Windows 10 Education; OS build 19041.1288; Version 2004; 64bit' Language: 'en' Physical Memory: 16196 MB
BatchMode: 1, IsHumanControllingUs: 0, StartBugReporterOnCrash: 0, Is64bit: 1, IsPro: 0

COMMAND LINE ARGUMENTS:
D:\Unity\Versions\2021.1.20f1\Editor\Unity.exe
-adb2
-batchMode
-noUpm
-name
AssetImportWorker1
-projectPath
D:/Desktop/UDemy/Metroidvania/Metroidvania
-logFile
Logs/AssetImportWorker1.log
-srvPort
56854
Successfully changed project path to: D:/Desktop/UDemy/Metroidvania/Metroidvania
D:/Desktop/UDemy/Metroidvania/Metroidvania
Using Asset Import Pipeline V2.
Refreshing native plugins compatible for Editor in 53.89 ms, found 3 plugins.
Preloading 0 native plugins for Editor in 0.00 ms.
Initialize engine version: 2021.1.20f1 (be552157821d)
[Subsystems] Discovering subsystems at path D:/Unity/Versions/2021.1.20f1/Editor/Data/Resources/UnitySubsystems
[Subsystems] Discovering subsystems at path D:/Desktop/UDemy/Metroidvania/Metroidvania/Assets
GfxDevice: creating device client; threaded=0; jobified=0
Direct3D:
    Version:  Direct3D 11.0 [level 11.1]
    Renderer: NVIDIA GeForce RTX 2060 (ID=0x1f11)
    Vendor:   NVIDIA
    VRAM:     5980 MB
    Driver:   27.21.14.6231
Initialize mono
Mono path[0] = 'D:/Unity/Versions/2021.1.20f1/Editor/Data/Managed'
Mono path[1] = 'D:/Unity/Versions/2021.1.20f1/Editor/Data/MonoBleedingEdge/lib/mono/unityjit'
Mono config path = 'D:/Unity/Versions/2021.1.20f1/Editor/Data/MonoBleedingEdge/etc'
Using monoOptions --debugger-agent=transport=dt_socket,embedding=1,server=y,suspend=n,address=127.0.0.1:56040
Begin MonoManager ReloadAssembly
Registering precompiled unity dll's ...
Register platform support module: D:/Unity/Versions/2021.1.20f1/Editor/Data/PlaybackEngines/WindowsStandaloneSupport/UnityEditor.WindowsStandalone.Extensions.dll
Registered in 0.001059 seconds.
Native extension for WindowsStandalone target not found
Refreshing native plugins compatible for Editor in 49.16 ms, found 3 plugins.
Preloading 0 native plugins for Editor in 0.00 ms.
Mono: successfully reloaded assembly
- Completed reload, in  7.125 seconds
Domain Reload Profiling:
	ReloadAssembly (7126ms)
		BeginReloadAssembly (70ms)
			ExecutionOrderSort (0ms)
			DisableScriptedObjects (0ms)
			BackupInstance (0ms)
			ReleaseScriptingObjects (0ms)
			CreateAndSetChildDomain (2ms)
		EndReloadAssembly (453ms)
			LoadAssemblies (66ms)
			RebuildTransferFunctionScriptingTraits (0ms)
			SetupTypeCache (160ms)
			ReleaseScriptCaches (0ms)
			RebuildScriptCaches (31ms)
			SetupLoadedEditorAssemblies (221ms)
				LogAssemblyErrors (0ms)
				InitializePlatformSupportModulesInManaged (7ms)
				SetLoadedEditorAssemblies (0ms)
				RefreshPlugins (49ms)
				BeforeProcessingInitializeOnLoad (1ms)
				ProcessInitializeOnLoadAttributes (95ms)
				ProcessInitializeOnLoadMethodAttributes (67ms)
				AfterProcessingInitializeOnLoad (0ms)
				EditorAssembliesLoaded (0ms)
			ExecutionOrderSort2 (0ms)
			AwakeInstancesAfterBackupRestoration (0ms)
Platform modules already initialized, skipping
Registering precompiled user dll's ...
Registered in 0.002759 seconds.
Begin MonoManager ReloadAssembly
Native extension for WindowsStandalone target not found
Refreshing native plugins compatible for Editor in 42.01 ms, found 3 plugins.
Preloading 0 native plugins for Editor in 0.00 ms.
Mono: successfully reloaded assembly
- Completed reload, in  1.105 seconds
Domain Reload Profiling:
	ReloadAssembly (1105ms)
		BeginReloadAssembly (147ms)
			ExecutionOrderSort (0ms)
			DisableScriptedObjects (5ms)
			BackupInstance (0ms)
			ReleaseScriptingObjects (0ms)
			CreateAndSetChildDomain (20ms)
		EndReloadAssembly (908ms)
			LoadAssemblies (86ms)
			RebuildTransferFunctionScriptingTraits (0ms)
			SetupTypeCache (290ms)
			ReleaseScriptCaches (1ms)
			RebuildScriptCaches (47ms)
			SetupLoadedEditorAssemblies (379ms)
				LogAssemblyErrors (0ms)
				InitializePlatformSupportModulesInManaged (4ms)
				SetLoadedEditorAssemblies (0ms)
				RefreshPlugins (42ms)
				BeforeProcessingInitializeOnLoad (53ms)
				ProcessInitializeOnLoadAttributes (264ms)
				ProcessInitializeOnLoadMethodAttributes (14ms)
				AfterProcessingInitializeOnLoad (2ms)
				EditorAssembliesLoaded (0ms)
			ExecutionOrderSort2 (0ms)
			AwakeInstancesAfterBackupRestoration (7ms)
Platform modules already initialized, skipping
========================================================================
Worker process is ready to serve import requests
Launched and connected shader compiler UnityShaderCompiler.exe after 0.35 seconds
Refreshing native plugins compatible for Editor in 0.44 ms, found 3 plugins.
Preloading 0 native plugins for Editor in 0.00 ms.
Unloading 2128 Unused Serialized files (Serialized files now loaded: 0)
System memory in use before: 98.0 MB.
System memory in use after: 98.0 MB.

Unloading 25 unused Assets to reduce memory usage. Loaded Objects now: 2584.
Total: 3.188100 ms (FindLiveObjects: 0.178100 ms CreateObjectMapping: 0.100200 ms MarkObjects: 2.839300 ms  DeleteObjects: 0.069600 ms)

AssetImportParameters requested are different than current active one (requested -> active):
  custom:framework-win-MediaFoundation: 216162199b28c13a410421893ffa2e32 -> 
  custom:video-decoder-ogg-theora: a1e56fd34408186e4bbccfd4996cb3dc -> 
  custom:container-muxer-webm: aa71ff27fc2769a1b78a27578f13a17b -> 
  custom:container-demuxer-webm: 4f35f7cbe854078d1ac9338744f61a02 -> 
  custom:container-demuxer-ogg: 62fdf1f143b41e24485cea50d1cbac27 -> 
  custom:video-encoder-webm-vp8: eb34c28f22e8b96e1ab97ce403110664 -> 
  custom:video-codec-MediaFoundation-h265: 746d11721c4dcdbdad8f713fa42b33f4 -> 
  custom:video-decoder-webm-vp8: 9c59270c3fd7afecdb556c50c9e8de78 -> 
  custom:audio-decoder-ogg-vorbis: bf7c407c2cedff20999df2af8eb42d56 -> 
  custom:audio-encoder-webm-vorbis: bf7c407c2cedff20999df2af8eb42d56 -> 
========================================================================
Received Import Request.
  path: Assets/Prefabs/Player.prefab
  artifactKey: Guid(d82cf07809d735f4c9f38bd320b8e8ad) Importer(815301076,1909f56bfc062723c751e8b465ee728b)
Start importing Assets/Prefabs/Player.prefab using Guid(d82cf07809d735f4c9f38bd320b8e8ad) Importer(815301076,1909f56bfc062723c751e8b465ee728b)  -> (artifact id: 'c9d8c6b18ca3e050de1a38c855aa5b86') in 0.731412 seconds 
========================================================================
Received Import Request.
  Time since last request: 3.128897 seconds.
  path: Assets/Prefabs/Checkpoint.prefab
  artifactKey: Guid(c2fb3785ecb2d424ab3b2fbce1e6fa2b) Importer(815301076,1909f56bfc062723c751e8b465ee728b)
Start importing Assets/Prefabs/Checkpoint.prefab using Guid(c2fb3785ecb2d424ab3b2fbce1e6fa2b) Importer(815301076,1909f56bfc062723c751e8b465ee728b)  -> (artifact id: 'f5675d39865eb6b634456cc4a51d8b9e') in 0.008941 seconds 
========================================================================
Received Import Request.
  Time since last request: 14.120562 seconds.
  path: Assets/Prefabs/UI Canvas.prefab
  artifactKey: Guid(f544e489f6e4c5e428f2fd88d6e414a0) Importer(815301076,1909f56bfc062723c751e8b465ee728b)
Start importing Assets/Prefabs/UI Canvas.prefab using Guid(f544e489f6e4c5e428f2fd88d6e414a0) Importer(815301076,1909f56bfc062723c751e8b465ee728b)  -> (artifact id: 'c6a03a6dbe9d9c4136ed8a4c1aeb1540') in 0.067817 seconds 
========================================================================
Received Import Request.
  Time since last request: 4.981368 seconds.
  path: Assets/Prefabs/Respawn Controller.prefab
  artifactKey: Guid(97a7560011efd8e4b9c5f598c8d78e9f) Importer(815301076,1909f56bfc062723c751e8b465ee728b)
Start importing Assets/Prefabs/Respawn Controller.prefab using Guid(97a7560011efd8e4b9c5f598c8d78e9f) Importer(815301076,1909f56bfc062723c751e8b465ee728b)  -> (artifact id: 'c0346e0eb0e61e82576912ba8caffd2a') in 0.012911 seconds 
========================================================================
Received Import Request.
  Time since last request: 3.697411 seconds.
  path: Assets/Prefabs/Camera Bounds.prefab
  artifactKey: Guid(315bdd9426088154683689b6760897a5) Importer(815301076,1909f56bfc062723c751e8b465ee728b)
Start importing Assets/Prefabs/Camera Bounds.prefab using Guid(315bdd9426088154683689b6760897a5) Importer(815301076,1909f56bfc062723c751e8b465ee728b)  -> (artifact id: 'fe7a0e95c08086e8c8d6ac73fe272de7') in 0.006822 seconds 
AssetImportWorkerClient::OnTransportError - code=2 error=End of file
